17:20:58 **** Incremental Build of configuration Release Host for project BalloonTracker ****
make all 
Building file: ../CamShiftTracker.cpp
Invoking: NVCC Compiler
/usr/local/cuda-6.5/bin/nvcc -O3 -ccbin /usr/bin/x86_64-linux-gnu-g++-4.8 -gencode arch=compute_30,code=sm_30 -gencode arch=compute_32,code=sm_32  -odir "" -M -o "CamShiftTracker.d" "../CamShiftTracker.cpp"
/usr/local/cuda-6.5/bin/nvcc -O3 -ccbin /usr/bin/x86_64-linux-gnu-g++-4.8 --compile  -x c++ -o  "CamShiftTracker.o" "../CamShiftTracker.cpp"
../CamShiftTracker.cpp: In function ‘void createTrackbars()’:
../CamShiftTracker.cpp:71:39: warning: too many arguments for format [-Wformat-extra-args]
  sprintf( TrackbarName, "s_min", s_min);
                                       ^
../CamShiftTracker.cpp:72:39: warning: too many arguments for format [-Wformat-extra-args]
  sprintf( TrackbarName, "v_min", v_min);
                                       ^
../CamShiftTracker.cpp:73:39: warning: too many arguments for format [-Wformat-extra-args]
  sprintf( TrackbarName, "v_max", v_max);
                                       ^
Finished building: ../CamShiftTracker.cpp
 
Building target: BalloonTracker
Invoking: NVCC Linker
/usr/local/cuda-6.5/bin/nvcc --cudart static -Lusr/local/lib -ccbin /usr/bin/x86_64-linux-gnu-g++-4.8 --relocatable-device-code=false -gencode arch=compute_30,code=compute_30 -gencode arch=compute_32,code=compute_32 -gencode arch=compute_30,code=sm_30 -gencode arch=compute_32,code=sm_32 -link -o  "BalloonTracker"  ./CamShift.o ./CamShiftTracker.o ./MeanShiftTracker.o   -lopencv_calib3d -lopencv_contrib -lopencv_core -lopencv_features2d -lopencv_flann -lopencv_gpu -lopencv_highgui -lopencv_imgproc -lopencv_legacy -lopencv_ml -lopencv_nonfree -lopencv_objdetect -lopencv_ocl -lopencv_photo -lopencv_stitching -lopencv_superres -lopencv_video -lopencv_videostab
Finished building target: BalloonTracker
 

17:20:59 Build Finished (took 1s.56ms)

