15:41:13 **** Incremental Build of configuration Release for project BalloonTracker ****
make all -C /home/ubuntu/Aerial/BalloonTracker/Release 
make: Entering directory `/home/ubuntu/Aerial/BalloonTracker/Release'
Building file: ../CamShiftTracker.cpp
Invoking: NVCC Compiler
/usr/local/cuda-6.5/bin/nvcc -O3 -ccbin /usr/bin/arm-linux-gnueabihf-g++-4.8 -gencode arch=compute_30,code=sm_30 -gencode arch=compute_32,code=sm_32 --target-cpu-architecture ARM -m32 -odir "" -M -o "CamShiftTracker.d" "../CamShiftTracker.cpp"
/usr/local/cuda-6.5/bin/nvcc -O3 -ccbin /usr/bin/arm-linux-gnueabihf-g++-4.8 --compile --target-cpu-architecture ARM -m32  -x c++ -o  "CamShiftTracker.o" "../CamShiftTracker.cpp"
../CamShiftTracker.cpp: In function ‘void createTrackbars()’:
../CamShiftTracker.cpp:70:39: warning: too many arguments for format [-Wformat-extra-args]
  sprintf( TrackbarName, "H_FAC", H_FAC);
                                       ^
../CamShiftTracker.cpp:71:39: warning: too many arguments for format [-Wformat-extra-args]
  sprintf( TrackbarName, "S_FAC", S_FAC);
                                       ^
../CamShiftTracker.cpp:72:41: warning: too many arguments for format [-Wformat-extra-args]
  sprintf( TrackbarName, "THRESHOLD", THR);
                                         ^
Finished building: ../CamShiftTracker.cpp
 
Building file: ../WicketTracker.cpp
Invoking: NVCC Compiler
/usr/local/cuda-6.5/bin/nvcc -O3 -ccbin /usr/bin/arm-linux-gnueabihf-g++-4.8 -gencode arch=compute_30,code=sm_30 -gencode arch=compute_32,code=sm_32 --target-cpu-architecture ARM -m32 -odir "" -M -o "WicketTracker.d" "../WicketTracker.cpp"
/usr/local/cuda-6.5/bin/nvcc -O3 -ccbin /usr/bin/arm-linux-gnueabihf-g++-4.8 --compile --target-cpu-architecture ARM -m32  -x c++ -o  "WicketTracker.o" "../WicketTracker.cpp"
Finished building: ../WicketTracker.cpp
 
Building target: BalloonTracker
Invoking: NVCC Linker
/usr/local/cuda-6.5/bin/nvcc --cudart static -Lusr/local/lib -ccbin /usr/bin/arm-linux-gnueabihf-g++-4.8 --relocatable-device-code=false -gencode arch=compute_30,code=compute_30 -gencode arch=compute_32,code=compute_32 -gencode arch=compute_30,code=sm_30 -gencode arch=compute_32,code=sm_32 --target-cpu-architecture ARM -m32 -link -o  "BalloonTracker"  ./CamShift.o ./CamShiftTracker.o ./KalmanFilter.o ./WicketTracker.o ./motionTracking.o   -lopencv_calib3d -lopencv_contrib -lopencv_core -lopencv_features2d -lopencv_flann -lopencv_gpu -lopencv_highgui -lopencv_imgproc -lopencv_legacy -lopencv_ml -lopencv_objdetect -lopencv_photo -lopencv_stitching -lopencv_superres -lopencv_video -lopencv_videostab
Finished building target: BalloonTracker
 
make: Leaving directory `/home/ubuntu/Aerial/BalloonTracker/Release'
> Shell Completed (exit code = 0)
