20:35:40 **** Incremental Build of configuration Release for project TrackingFilterTuner ****
make all -C /home/ubuntu/Aerial/TrackingFilterTuner/Release 
make: Entering directory `/home/ubuntu/Aerial/TrackingFilterTuner/Release'
Building file: ../objectTrackingTut.cpp
Invoking: NVCC Compiler
/usr/local/cuda-6.5/bin/nvcc -O3 -ccbin /usr/bin/arm-linux-gnueabihf-g++-4.8 -gencode arch=compute_30,code=sm_30 -gencode arch=compute_32,code=sm_32 --target-cpu-architecture ARM -m32 -odir "" -M -o "objectTrackingTut.d" "../objectTrackingTut.cpp"
/usr/local/cuda-6.5/bin/nvcc -O3 -ccbin /usr/bin/arm-linux-gnueabihf-g++-4.8 --compile --target-cpu-architecture ARM -m32  -x c++ -o  "objectTrackingTut.o" "../objectTrackingTut.cpp"
../objectTrackingTut.cpp: In function ‘void createTrackbars()’:
../objectTrackingTut.cpp:70:39: warning: too many arguments for format [-Wformat-extra-args]
  sprintf( TrackbarName, "H_MIN", H_MIN);
                                       ^
../objectTrackingTut.cpp:71:39: warning: too many arguments for format [-Wformat-extra-args]
  sprintf( TrackbarName, "H_MAX", H_MAX);
                                       ^
../objectTrackingTut.cpp:72:39: warning: too many arguments for format [-Wformat-extra-args]
  sprintf( TrackbarName, "S_MIN", S_MIN);
                                       ^
../objectTrackingTut.cpp:73:39: warning: too many arguments for format [-Wformat-extra-args]
  sprintf( TrackbarName, "S_MAX", S_MAX);
                                       ^
../objectTrackingTut.cpp:74:39: warning: too many arguments for format [-Wformat-extra-args]
  sprintf( TrackbarName, "V_MIN", V_MIN);
                                       ^
../objectTrackingTut.cpp:75:39: warning: too many arguments for format [-Wformat-extra-args]
  sprintf( TrackbarName, "V_MAX", V_MAX);
                                       ^
Finished building: ../objectTrackingTut.cpp
 
Building target: TrackingFilterTuner
Invoking: NVCC Linker
/usr/local/cuda-6.5/bin/nvcc --cudart static -Lusr/local/lib -ccbin /usr/bin/arm-linux-gnueabihf-g++-4.8 --relocatable-device-code=false -gencode arch=compute_30,code=compute_30 -gencode arch=compute_32,code=compute_32 -gencode arch=compute_30,code=sm_30 -gencode arch=compute_32,code=sm_32 --target-cpu-architecture ARM -m32 -link -o  "TrackingFilterTuner"  ./objectTrackingTut.o   -lopencv_calib3d -lopencv_contrib -lopencv_core -lopencv_features2d -lopencv_flann -lopencv_gpu -lopencv_highgui -lopencv_imgproc -lopencv_legacy -lopencv_ml -lopencv_objdetect -lopencv_photo -lopencv_stitching -lopencv_superres -lopencv_video -lopencv_videostab
Finished building target: TrackingFilterTuner
 
make: Leaving directory `/home/ubuntu/Aerial/TrackingFilterTuner/Release'
> Shell Completed (exit code = 0)

20:35:44 Build Finished (took 4s.396ms)

